C:\USERS\ACER\DESKTOP\RESOURCEMANAGER\RESOURCEMANAGER\DEBUG\CAMERA.OBJ
C:\Users\Acer\Desktop\ResourceManager\ResourceManager\Debug\cl.command.1.tlog
C:\Users\Acer\Desktop\ResourceManager\ResourceManager\Debug\CL.read.1.tlog
C:\Users\Acer\Desktop\ResourceManager\ResourceManager\Debug\CL.write.1.tlog
C:\USERS\ACER\DESKTOP\RESOURCEMANAGER\RESOURCEMANAGER\DEBUG\CUBE.OBJ
C:\USERS\ACER\DESKTOP\RESOURCEMANAGER\RESOURCEMANAGER\DEBUG\DXAPP.OBJ
C:\USERS\ACER\DESKTOP\RESOURCEMANAGER\RESOURCEMANAGER\DEBUG\FILEIO.OBJ
C:\USERS\ACER\DESKTOP\RESOURCEMANAGER\RESOURCEMANAGER\DEBUG\GRAPHMANAGER.OBJ
C:\Users\Acer\Desktop\ResourceManager\ResourceManager\Debug\link.2972.read.1.tlog
C:\Users\Acer\Desktop\ResourceManager\ResourceManager\Debug\link.2972.write.1.tlog
C:\Users\Acer\Desktop\ResourceManager\ResourceManager\Debug\link.2972-cvtres.read.1.tlog
C:\Users\Acer\Desktop\ResourceManager\ResourceManager\Debug\link.2972-cvtres.write.1.tlog
C:\Users\Acer\Desktop\ResourceManager\ResourceManager\Debug\link.command.1.tlog
C:\USERS\ACER\DESKTOP\RESOURCEMANAGER\RESOURCEMANAGER\DEBUG\LINK.OBJ
C:\Users\Acer\Desktop\ResourceManager\ResourceManager\Debug\link.read.1.tlog
C:\Users\Acer\Desktop\ResourceManager\ResourceManager\Debug\link.write.1.tlog
C:\Users\Acer\Desktop\ResourceManager\ResourceManager\Debug\link-cvtres.read.1.tlog
C:\Users\Acer\Desktop\ResourceManager\ResourceManager\Debug\link-cvtres.write.1.tlog
C:\USERS\ACER\DESKTOP\RESOURCEMANAGER\RESOURCEMANAGER\DEBUG\MAIN.OBJ
C:\Users\Acer\Desktop\ResourceManager\ResourceManager\Debug\mt.command.1.tlog
C:\Users\Acer\Desktop\ResourceManager\ResourceManager\Debug\mt.read.1.tlog
C:\Users\Acer\Desktop\ResourceManager\ResourceManager\Debug\mt.write.1.tlog
C:\USERS\ACER\DESKTOP\RESOURCEMANAGER\RESOURCEMANAGER\DEBUG\NODE.OBJ
C:\Users\Acer\Desktop\ResourceManager\ResourceManager\Debug\rc.command.1.tlog
C:\Users\Acer\Desktop\ResourceManager\ResourceManager\Debug\rc.read.1.tlog
C:\Users\Acer\Desktop\ResourceManager\ResourceManager\Debug\rc.write.1.tlog
C:\USERS\ACER\DESKTOP\RESOURCEMANAGER\RESOURCEMANAGER\DEBUG\RESOURCEMANAGER.EXE
C:\USERS\ACER\DESKTOP\RESOURCEMANAGER\RESOURCEMANAGER\DEBUG\RESOURCEMANAGER.EXE.EMBED.MANIFEST
C:\USERS\ACER\DESKTOP\RESOURCEMANAGER\RESOURCEMANAGER\DEBUG\RESOURCEMANAGER.EXE.EMBED.MANIFEST.RES
C:\USERS\ACER\DESKTOP\RESOURCEMANAGER\RESOURCEMANAGER\DEBUG\RESOURCEMANAGER.EXE.INTERMEDIATE.MANIFEST
C:\USERS\ACER\DESKTOP\RESOURCEMANAGER\RESOURCEMANAGER\DEBUG\RESOURCEMANAGER.ILK
C:\USERS\ACER\DESKTOP\RESOURCEMANAGER\RESOURCEMANAGER\DEBUG\RESOURCEMANAGER.PDB
C:\Users\Acer\Desktop\ResourceManager\ResourceManager\Debug\ResourceManager_manifest.rc
C:\USERS\ACER\DESKTOP\RESOURCEMANAGER\RESOURCEMANAGER\DEBUG\SLIDER.OBJ
C:\USERS\ACER\DESKTOP\RESOURCEMANAGER\RESOURCEMANAGER\DEBUG\TIMER.OBJ
C:\Users\Acer\Desktop\ResourceManager\ResourceManager\Debug\vc100.idb
C:\USERS\ACER\DESKTOP\RESOURCEMANAGER\RESOURCEMANAGER\DEBUG\VC100.PDB
